开始执行调参脚本1：SFFT参数和网络结构调优
运行配置: SFFT参数 n_fft=128, hop_length=32
usage: run.py [-h] --task_name TASK_NAME --is_training IS_TRAINING --model_id
              MODEL_ID --model MODEL --data DATA [--root_path ROOT_PATH]
              [--data_path DATA_PATH] [--plot_loss PLOT_LOSS]
              [--features FEATURES] [--target TARGET] [--freq FREQ]
              [--checkpoints CHECKPOINTS] [--feature_size FEATURE_SIZE]
              [--label_size LABEL_SIZE] [--seq_len SEQ_LEN]
              [--label_len LABEL_LEN] [--pred_len PRED_LEN]
              [--seasonal_patterns SEASONAL_PATTERNS] [--inverse]
              [--mask_rate MASK_RATE] [--anomaly_ratio ANOMALY_RATIO]
              [--apply_inverse_transform APPLY_INVERSE_TRANSFORM]
              [--label_scaler_type LABEL_SCALER_TYPE]
              [--split_ratio SPLIT_RATIO] [--targets TARGETS]
              [--features_scaler_type FEATURES_SCALER_TYPE] [--expand EXPAND]
              [--d_conv D_CONV] [--top_k TOP_K] [--num_kernels NUM_KERNELS]
              [--enc_in ENC_IN] [--dec_in DEC_IN] [--c_out C_OUT]
              [--d_model D_MODEL] [--n_heads N_HEADS] [--e_layers E_LAYERS]
              [--d_layers D_LAYERS] [--d_ff D_FF] [--moving_avg MOVING_AVG]
              [--factor FACTOR] [--distil] [--dropout DROPOUT] [--embed EMBED]
              [--activation ACTIVATION]
              [--channel_independence CHANNEL_INDEPENDENCE]
              [--decomp_method DECOMP_METHOD] [--use_norm USE_NORM]
              [--down_sampling_layers DOWN_SAMPLING_LAYERS]
              [--down_sampling_window DOWN_SAMPLING_WINDOW]
              [--down_sampling_method DOWN_SAMPLING_METHOD]
              [--seg_len SEG_LEN]
              [--list_inplanes LIST_INPLANES [LIST_INPLANES ...]]
              [--num_rnn_sequence NUM_RNN_SEQUENCE]
              [--embedding_c EMBEDDING_C] [--dropout_rate DROPOUT_RATE]
              [--batch_norm BATCH_NORM] [--n_fft N_FFT]
              [--hop_length HOP_LENGTH] [--conv_channel_1 CONV_CHANNEL_1]
              [--conv_channel_2 CONV_CHANNEL_2]
              [--conv_channel_3 CONV_CHANNEL_3]
              [--inception_channel_1 INCEPTION_CHANNEL_1]
              [--inception_channel_2 INCEPTION_CHANNEL_2]
              [--inception_channel_3 INCEPTION_CHANNEL_3]
              [--pool_size POOL_SIZE] [--ffn_hidden_size FFN_HIDDEN_SIZE]
              [--num_workers NUM_WORKERS] [--itr ITR]
              [--train_epochs TRAIN_EPOCHS] [--batch_size BATCH_SIZE]
              [--patience PATIENCE] [--learning_rate LEARNING_RATE]
              [--des DES] [--loss LOSS] [--lradj LRADJ] [--use_amp]
              [--vali_interval VALI_INTERVAL] [--dwt_level DWT_LEVEL]
              [--wavelet WAVELET] [--ffn_dim FFN_DIM]
              [--focal_alpha FOCAL_ALPHA] [--focal_gamma FOCAL_GAMMA]
              [--focal_threshold FOCAL_THRESHOLD] [--use_gpu USE_GPU]
              [--gpu GPU] [--gpu_type GPU_TYPE] [--use_multi_gpu]
              [--devices DEVICES]
              [--p_hidden_dims P_HIDDEN_DIMS [P_HIDDEN_DIMS ...]]
              [--p_hidden_layers P_HIDDEN_LAYERS] [--use_dtw USE_DTW]
              [--augmentation_ratio AUGMENTATION_RATIO] [--seed SEED]
              [--jitter] [--scaling] [--permutation] [--randompermutation]
              [--magwarp] [--timewarp] [--windowslice] [--windowwarp]
              [--rotation] [--spawner] [--dtwwarp] [--shapedtwwarp] [--wdba]
              [--discdtw] [--discsdtw] [--extra_tag EXTRA_TAG]
              [--patch_len PATCH_LEN]
run.py: error: unrecognized arguments: 'logg', 'FeH', 'CFe'] 0.1, 0.2]
运行配置: SFFT参数 n_fft=128, hop_length=64
usage: run.py [-h] --task_name TASK_NAME --is_training IS_TRAINING --model_id
              MODEL_ID --model MODEL --data DATA [--root_path ROOT_PATH]
              [--data_path DATA_PATH] [--plot_loss PLOT_LOSS]
              [--features FEATURES] [--target TARGET] [--freq FREQ]
              [--checkpoints CHECKPOINTS] [--feature_size FEATURE_SIZE]
              [--label_size LABEL_SIZE] [--seq_len SEQ_LEN]
              [--label_len LABEL_LEN] [--pred_len PRED_LEN]
              [--seasonal_patterns SEASONAL_PATTERNS] [--inverse]
              [--mask_rate MASK_RATE] [--anomaly_ratio ANOMALY_RATIO]
              [--apply_inverse_transform APPLY_INVERSE_TRANSFORM]
              [--label_scaler_type LABEL_SCALER_TYPE]
              [--split_ratio SPLIT_RATIO] [--targets TARGETS]
              [--features_scaler_type FEATURES_SCALER_TYPE] [--expand EXPAND]
              [--d_conv D_CONV] [--top_k TOP_K] [--num_kernels NUM_KERNELS]
              [--enc_in ENC_IN] [--dec_in DEC_IN] [--c_out C_OUT]
              [--d_model D_MODEL] [--n_heads N_HEADS] [--e_layers E_LAYERS]
              [--d_layers D_LAYERS] [--d_ff D_FF] [--moving_avg MOVING_AVG]
              [--factor FACTOR] [--distil] [--dropout DROPOUT] [--embed EMBED]
              [--activation ACTIVATION]
              [--channel_independence CHANNEL_INDEPENDENCE]
              [--decomp_method DECOMP_METHOD] [--use_norm USE_NORM]
              [--down_sampling_layers DOWN_SAMPLING_LAYERS]
              [--down_sampling_window DOWN_SAMPLING_WINDOW]
              [--down_sampling_method DOWN_SAMPLING_METHOD]
              [--seg_len SEG_LEN]
              [--list_inplanes LIST_INPLANES [LIST_INPLANES ...]]
              [--num_rnn_sequence NUM_RNN_SEQUENCE]
              [--embedding_c EMBEDDING_C] [--dropout_rate DROPOUT_RATE]
              [--batch_norm BATCH_NORM] [--n_fft N_FFT]
              [--hop_length HOP_LENGTH] [--conv_channel_1 CONV_CHANNEL_1]
              [--conv_channel_2 CONV_CHANNEL_2]
              [--conv_channel_3 CONV_CHANNEL_3]
              [--inception_channel_1 INCEPTION_CHANNEL_1]
              [--inception_channel_2 INCEPTION_CHANNEL_2]
              [--inception_channel_3 INCEPTION_CHANNEL_3]
              [--pool_size POOL_SIZE] [--ffn_hidden_size FFN_HIDDEN_SIZE]
              [--num_workers NUM_WORKERS] [--itr ITR]
              [--train_epochs TRAIN_EPOCHS] [--batch_size BATCH_SIZE]
              [--patience PATIENCE] [--learning_rate LEARNING_RATE]
              [--des DES] [--loss LOSS] [--lradj LRADJ] [--use_amp]
              [--vali_interval VALI_INTERVAL] [--dwt_level DWT_LEVEL]
              [--wavelet WAVELET] [--ffn_dim FFN_DIM]
              [--focal_alpha FOCAL_ALPHA] [--focal_gamma FOCAL_GAMMA]
              [--focal_threshold FOCAL_THRESHOLD] [--use_gpu USE_GPU]
              [--gpu GPU] [--gpu_type GPU_TYPE] [--use_multi_gpu]
              [--devices DEVICES]
              [--p_hidden_dims P_HIDDEN_DIMS [P_HIDDEN_DIMS ...]]
              [--p_hidden_layers P_HIDDEN_LAYERS] [--use_dtw USE_DTW]
              [--augmentation_ratio AUGMENTATION_RATIO] [--seed SEED]
              [--jitter] [--scaling] [--permutation] [--randompermutation]
              [--magwarp] [--timewarp] [--windowslice] [--windowwarp]
              [--rotation] [--spawner] [--dtwwarp] [--shapedtwwarp] [--wdba]
              [--discdtw] [--discsdtw] [--extra_tag EXTRA_TAG]
              [--patch_len PATCH_LEN]
run.py: error: unrecognized arguments: 'logg', 'FeH', 'CFe'] 0.1, 0.2]
运行配置: SFFT参数 n_fft=256, hop_length=32
usage: run.py [-h] --task_name TASK_NAME --is_training IS_TRAINING --model_id
              MODEL_ID --model MODEL --data DATA [--root_path ROOT_PATH]
              [--data_path DATA_PATH] [--plot_loss PLOT_LOSS]
              [--features FEATURES] [--target TARGET] [--freq FREQ]
              [--checkpoints CHECKPOINTS] [--feature_size FEATURE_SIZE]
              [--label_size LABEL_SIZE] [--seq_len SEQ_LEN]
              [--label_len LABEL_LEN] [--pred_len PRED_LEN]
              [--seasonal_patterns SEASONAL_PATTERNS] [--inverse]
              [--mask_rate MASK_RATE] [--anomaly_ratio ANOMALY_RATIO]
              [--apply_inverse_transform APPLY_INVERSE_TRANSFORM]
              [--label_scaler_type LABEL_SCALER_TYPE]
              [--split_ratio SPLIT_RATIO] [--targets TARGETS]
              [--features_scaler_type FEATURES_SCALER_TYPE] [--expand EXPAND]
              [--d_conv D_CONV] [--top_k TOP_K] [--num_kernels NUM_KERNELS]
              [--enc_in ENC_IN] [--dec_in DEC_IN] [--c_out C_OUT]
              [--d_model D_MODEL] [--n_heads N_HEADS] [--e_layers E_LAYERS]
              [--d_layers D_LAYERS] [--d_ff D_FF] [--moving_avg MOVING_AVG]
              [--factor FACTOR] [--distil] [--dropout DROPOUT] [--embed EMBED]
              [--activation ACTIVATION]
              [--channel_independence CHANNEL_INDEPENDENCE]
              [--decomp_method DECOMP_METHOD] [--use_norm USE_NORM]
              [--down_sampling_layers DOWN_SAMPLING_LAYERS]
              [--down_sampling_window DOWN_SAMPLING_WINDOW]
              [--down_sampling_method DOWN_SAMPLING_METHOD]
              [--seg_len SEG_LEN]
              [--list_inplanes LIST_INPLANES [LIST_INPLANES ...]]
              [--num_rnn_sequence NUM_RNN_SEQUENCE]
              [--embedding_c EMBEDDING_C] [--dropout_rate DROPOUT_RATE]
              [--batch_norm BATCH_NORM] [--n_fft N_FFT]
              [--hop_length HOP_LENGTH] [--conv_channel_1 CONV_CHANNEL_1]
              [--conv_channel_2 CONV_CHANNEL_2]
              [--conv_channel_3 CONV_CHANNEL_3]
              [--inception_channel_1 INCEPTION_CHANNEL_1]
              [--inception_channel_2 INCEPTION_CHANNEL_2]
              [--inception_channel_3 INCEPTION_CHANNEL_3]
              [--pool_size POOL_SIZE] [--ffn_hidden_size FFN_HIDDEN_SIZE]
              [--num_workers NUM_WORKERS] [--itr ITR]
              [--train_epochs TRAIN_EPOCHS] [--batch_size BATCH_SIZE]
              [--patience PATIENCE] [--learning_rate LEARNING_RATE]
              [--des DES] [--loss LOSS] [--lradj LRADJ] [--use_amp]
              [--vali_interval VALI_INTERVAL] [--dwt_level DWT_LEVEL]
              [--wavelet WAVELET] [--ffn_dim FFN_DIM]
              [--focal_alpha FOCAL_ALPHA] [--focal_gamma FOCAL_GAMMA]
              [--focal_threshold FOCAL_THRESHOLD] [--use_gpu USE_GPU]
              [--gpu GPU] [--gpu_type GPU_TYPE] [--use_multi_gpu]
              [--devices DEVICES]
              [--p_hidden_dims P_HIDDEN_DIMS [P_HIDDEN_DIMS ...]]
              [--p_hidden_layers P_HIDDEN_LAYERS] [--use_dtw USE_DTW]
              [--augmentation_ratio AUGMENTATION_RATIO] [--seed SEED]
              [--jitter] [--scaling] [--permutation] [--randompermutation]
              [--magwarp] [--timewarp] [--windowslice] [--windowwarp]
              [--rotation] [--spawner] [--dtwwarp] [--shapedtwwarp] [--wdba]
              [--discdtw] [--discsdtw] [--extra_tag EXTRA_TAG]
              [--patch_len PATCH_LEN]
run.py: error: unrecognized arguments: 'logg', 'FeH', 'CFe'] 0.1, 0.2]
运行配置: SFFT参数 n_fft=256, hop_length=64
usage: run.py [-h] --task_name TASK_NAME --is_training IS_TRAINING --model_id
              MODEL_ID --model MODEL --data DATA [--root_path ROOT_PATH]
              [--data_path DATA_PATH] [--plot_loss PLOT_LOSS]
              [--features FEATURES] [--target TARGET] [--freq FREQ]
              [--checkpoints CHECKPOINTS] [--feature_size FEATURE_SIZE]
              [--label_size LABEL_SIZE] [--seq_len SEQ_LEN]
              [--label_len LABEL_LEN] [--pred_len PRED_LEN]
              [--seasonal_patterns SEASONAL_PATTERNS] [--inverse]
              [--mask_rate MASK_RATE] [--anomaly_ratio ANOMALY_RATIO]
              [--apply_inverse_transform APPLY_INVERSE_TRANSFORM]
              [--label_scaler_type LABEL_SCALER_TYPE]
              [--split_ratio SPLIT_RATIO] [--targets TARGETS]
              [--features_scaler_type FEATURES_SCALER_TYPE] [--expand EXPAND]
              [--d_conv D_CONV] [--top_k TOP_K] [--num_kernels NUM_KERNELS]
              [--enc_in ENC_IN] [--dec_in DEC_IN] [--c_out C_OUT]
              [--d_model D_MODEL] [--n_heads N_HEADS] [--e_layers E_LAYERS]
              [--d_layers D_LAYERS] [--d_ff D_FF] [--moving_avg MOVING_AVG]
              [--factor FACTOR] [--distil] [--dropout DROPOUT] [--embed EMBED]
              [--activation ACTIVATION]
              [--channel_independence CHANNEL_INDEPENDENCE]
              [--decomp_method DECOMP_METHOD] [--use_norm USE_NORM]
              [--down_sampling_layers DOWN_SAMPLING_LAYERS]
              [--down_sampling_window DOWN_SAMPLING_WINDOW]
              [--down_sampling_method DOWN_SAMPLING_METHOD]
              [--seg_len SEG_LEN]
              [--list_inplanes LIST_INPLANES [LIST_INPLANES ...]]
              [--num_rnn_sequence NUM_RNN_SEQUENCE]
              [--embedding_c EMBEDDING_C] [--dropout_rate DROPOUT_RATE]
              [--batch_norm BATCH_NORM] [--n_fft N_FFT]
              [--hop_length HOP_LENGTH] [--conv_channel_1 CONV_CHANNEL_1]
              [--conv_channel_2 CONV_CHANNEL_2]
              [--conv_channel_3 CONV_CHANNEL_3]
              [--inception_channel_1 INCEPTION_CHANNEL_1]
              [--inception_channel_2 INCEPTION_CHANNEL_2]
              [--inception_channel_3 INCEPTION_CHANNEL_3]
              [--pool_size POOL_SIZE] [--ffn_hidden_size FFN_HIDDEN_SIZE]
              [--num_workers NUM_WORKERS] [--itr ITR]
              [--train_epochs TRAIN_EPOCHS] [--batch_size BATCH_SIZE]
              [--patience PATIENCE] [--learning_rate LEARNING_RATE]
              [--des DES] [--loss LOSS] [--lradj LRADJ] [--use_amp]
              [--vali_interval VALI_INTERVAL] [--dwt_level DWT_LEVEL]
              [--wavelet WAVELET] [--ffn_dim FFN_DIM]
              [--focal_alpha FOCAL_ALPHA] [--focal_gamma FOCAL_GAMMA]
              [--focal_threshold FOCAL_THRESHOLD] [--use_gpu USE_GPU]
              [--gpu GPU] [--gpu_type GPU_TYPE] [--use_multi_gpu]
              [--devices DEVICES]
              [--p_hidden_dims P_HIDDEN_DIMS [P_HIDDEN_DIMS ...]]
              [--p_hidden_layers P_HIDDEN_LAYERS] [--use_dtw USE_DTW]
              [--augmentation_ratio AUGMENTATION_RATIO] [--seed SEED]
              [--jitter] [--scaling] [--permutation] [--randompermutation]
              [--magwarp] [--timewarp] [--windowslice] [--windowwarp]
              [--rotation] [--spawner] [--dtwwarp] [--shapedtwwarp] [--wdba]
              [--discdtw] [--discsdtw] [--extra_tag EXTRA_TAG]
              [--patch_len PATCH_LEN]
run.py: error: unrecognized arguments: 'logg', 'FeH', 'CFe'] 0.1, 0.2]
运行配置: SFFT参数 n_fft=256, hop_length=128
usage: run.py [-h] --task_name TASK_NAME --is_training IS_TRAINING --model_id
              MODEL_ID --model MODEL --data DATA [--root_path ROOT_PATH]
              [--data_path DATA_PATH] [--plot_loss PLOT_LOSS]
              [--features FEATURES] [--target TARGET] [--freq FREQ]
              [--checkpoints CHECKPOINTS] [--feature_size FEATURE_SIZE]
              [--label_size LABEL_SIZE] [--seq_len SEQ_LEN]
              [--label_len LABEL_LEN] [--pred_len PRED_LEN]
              [--seasonal_patterns SEASONAL_PATTERNS] [--inverse]
              [--mask_rate MASK_RATE] [--anomaly_ratio ANOMALY_RATIO]
              [--apply_inverse_transform APPLY_INVERSE_TRANSFORM]
              [--label_scaler_type LABEL_SCALER_TYPE]
              [--split_ratio SPLIT_RATIO] [--targets TARGETS]
              [--features_scaler_type FEATURES_SCALER_TYPE] [--expand EXPAND]
              [--d_conv D_CONV] [--top_k TOP_K] [--num_kernels NUM_KERNELS]
              [--enc_in ENC_IN] [--dec_in DEC_IN] [--c_out C_OUT]
              [--d_model D_MODEL] [--n_heads N_HEADS] [--e_layers E_LAYERS]
              [--d_layers D_LAYERS] [--d_ff D_FF] [--moving_avg MOVING_AVG]
              [--factor FACTOR] [--distil] [--dropout DROPOUT] [--embed EMBED]
              [--activation ACTIVATION]
              [--channel_independence CHANNEL_INDEPENDENCE]
              [--decomp_method DECOMP_METHOD] [--use_norm USE_NORM]
              [--down_sampling_layers DOWN_SAMPLING_LAYERS]
              [--down_sampling_window DOWN_SAMPLING_WINDOW]
              [--down_sampling_method DOWN_SAMPLING_METHOD]
              [--seg_len SEG_LEN]
              [--list_inplanes LIST_INPLANES [LIST_INPLANES ...]]
              [--num_rnn_sequence NUM_RNN_SEQUENCE]
              [--embedding_c EMBEDDING_C] [--dropout_rate DROPOUT_RATE]
              [--batch_norm BATCH_NORM] [--n_fft N_FFT]
              [--hop_length HOP_LENGTH] [--conv_channel_1 CONV_CHANNEL_1]
              [--conv_channel_2 CONV_CHANNEL_2]
              [--conv_channel_3 CONV_CHANNEL_3]
              [--inception_channel_1 INCEPTION_CHANNEL_1]
              [--inception_channel_2 INCEPTION_CHANNEL_2]
              [--inception_channel_3 INCEPTION_CHANNEL_3]
              [--pool_size POOL_SIZE] [--ffn_hidden_size FFN_HIDDEN_SIZE]
              [--num_workers NUM_WORKERS] [--itr ITR]
              [--train_epochs TRAIN_EPOCHS] [--batch_size BATCH_SIZE]
              [--patience PATIENCE] [--learning_rate LEARNING_RATE]
              [--des DES] [--loss LOSS] [--lradj LRADJ] [--use_amp]
              [--vali_interval VALI_INTERVAL] [--dwt_level DWT_LEVEL]
              [--wavelet WAVELET] [--ffn_dim FFN_DIM]
              [--focal_alpha FOCAL_ALPHA] [--focal_gamma FOCAL_GAMMA]
              [--focal_threshold FOCAL_THRESHOLD] [--use_gpu USE_GPU]
              [--gpu GPU] [--gpu_type GPU_TYPE] [--use_multi_gpu]
              [--devices DEVICES]
              [--p_hidden_dims P_HIDDEN_DIMS [P_HIDDEN_DIMS ...]]
              [--p_hidden_layers P_HIDDEN_LAYERS] [--use_dtw USE_DTW]
              [--augmentation_ratio AUGMENTATION_RATIO] [--seed SEED]
              [--jitter] [--scaling] [--permutation] [--randompermutation]
              [--magwarp] [--timewarp] [--windowslice] [--windowwarp]
              [--rotation] [--spawner] [--dtwwarp] [--shapedtwwarp] [--wdba]
              [--discdtw] [--discsdtw] [--extra_tag EXTRA_TAG]
              [--patch_len PATCH_LEN]
run.py: error: unrecognized arguments: 'logg', 'FeH', 'CFe'] 0.1, 0.2]
运行配置: SFFT参数 n_fft=512, hop_length=32
usage: run.py [-h] --task_name TASK_NAME --is_training IS_TRAINING --model_id
              MODEL_ID --model MODEL --data DATA [--root_path ROOT_PATH]
              [--data_path DATA_PATH] [--plot_loss PLOT_LOSS]
              [--features FEATURES] [--target TARGET] [--freq FREQ]
              [--checkpoints CHECKPOINTS] [--feature_size FEATURE_SIZE]
              [--label_size LABEL_SIZE] [--seq_len SEQ_LEN]
              [--label_len LABEL_LEN] [--pred_len PRED_LEN]
              [--seasonal_patterns SEASONAL_PATTERNS] [--inverse]
              [--mask_rate MASK_RATE] [--anomaly_ratio ANOMALY_RATIO]
              [--apply_inverse_transform APPLY_INVERSE_TRANSFORM]
              [--label_scaler_type LABEL_SCALER_TYPE]
              [--split_ratio SPLIT_RATIO] [--targets TARGETS]
              [--features_scaler_type FEATURES_SCALER_TYPE] [--expand EXPAND]
              [--d_conv D_CONV] [--top_k TOP_K] [--num_kernels NUM_KERNELS]
              [--enc_in ENC_IN] [--dec_in DEC_IN] [--c_out C_OUT]
              [--d_model D_MODEL] [--n_heads N_HEADS] [--e_layers E_LAYERS]
              [--d_layers D_LAYERS] [--d_ff D_FF] [--moving_avg MOVING_AVG]
              [--factor FACTOR] [--distil] [--dropout DROPOUT] [--embed EMBED]
              [--activation ACTIVATION]
              [--channel_independence CHANNEL_INDEPENDENCE]
              [--decomp_method DECOMP_METHOD] [--use_norm USE_NORM]
              [--down_sampling_layers DOWN_SAMPLING_LAYERS]
              [--down_sampling_window DOWN_SAMPLING_WINDOW]
              [--down_sampling_method DOWN_SAMPLING_METHOD]
              [--seg_len SEG_LEN]
              [--list_inplanes LIST_INPLANES [LIST_INPLANES ...]]
              [--num_rnn_sequence NUM_RNN_SEQUENCE]
              [--embedding_c EMBEDDING_C] [--dropout_rate DROPOUT_RATE]
              [--batch_norm BATCH_NORM] [--n_fft N_FFT]
              [--hop_length HOP_LENGTH] [--conv_channel_1 CONV_CHANNEL_1]
              [--conv_channel_2 CONV_CHANNEL_2]
              [--conv_channel_3 CONV_CHANNEL_3]
              [--inception_channel_1 INCEPTION_CHANNEL_1]
              [--inception_channel_2 INCEPTION_CHANNEL_2]
              [--inception_channel_3 INCEPTION_CHANNEL_3]
              [--pool_size POOL_SIZE] [--ffn_hidden_size FFN_HIDDEN_SIZE]
              [--num_workers NUM_WORKERS] [--itr ITR]
              [--train_epochs TRAIN_EPOCHS] [--batch_size BATCH_SIZE]
              [--patience PATIENCE] [--learning_rate LEARNING_RATE]
              [--des DES] [--loss LOSS] [--lradj LRADJ] [--use_amp]
              [--vali_interval VALI_INTERVAL] [--dwt_level DWT_LEVEL]
              [--wavelet WAVELET] [--ffn_dim FFN_DIM]
              [--focal_alpha FOCAL_ALPHA] [--focal_gamma FOCAL_GAMMA]
              [--focal_threshold FOCAL_THRESHOLD] [--use_gpu USE_GPU]
              [--gpu GPU] [--gpu_type GPU_TYPE] [--use_multi_gpu]
              [--devices DEVICES]
              [--p_hidden_dims P_HIDDEN_DIMS [P_HIDDEN_DIMS ...]]
              [--p_hidden_layers P_HIDDEN_LAYERS] [--use_dtw USE_DTW]
              [--augmentation_ratio AUGMENTATION_RATIO] [--seed SEED]
              [--jitter] [--scaling] [--permutation] [--randompermutation]
              [--magwarp] [--timewarp] [--windowslice] [--windowwarp]
              [--rotation] [--spawner] [--dtwwarp] [--shapedtwwarp] [--wdba]
              [--discdtw] [--discsdtw] [--extra_tag EXTRA_TAG]
              [--patch_len PATCH_LEN]
run.py: error: unrecognized arguments: 'logg', 'FeH', 'CFe'] 0.1, 0.2]
运行配置: SFFT参数 n_fft=512, hop_length=64
usage: run.py [-h] --task_name TASK_NAME --is_training IS_TRAINING --model_id
              MODEL_ID --model MODEL --data DATA [--root_path ROOT_PATH]
              [--data_path DATA_PATH] [--plot_loss PLOT_LOSS]
              [--features FEATURES] [--target TARGET] [--freq FREQ]
              [--checkpoints CHECKPOINTS] [--feature_size FEATURE_SIZE]
              [--label_size LABEL_SIZE] [--seq_len SEQ_LEN]
              [--label_len LABEL_LEN] [--pred_len PRED_LEN]
              [--seasonal_patterns SEASONAL_PATTERNS] [--inverse]
              [--mask_rate MASK_RATE] [--anomaly_ratio ANOMALY_RATIO]
              [--apply_inverse_transform APPLY_INVERSE_TRANSFORM]
              [--label_scaler_type LABEL_SCALER_TYPE]
              [--split_ratio SPLIT_RATIO] [--targets TARGETS]
              [--features_scaler_type FEATURES_SCALER_TYPE] [--expand EXPAND]
              [--d_conv D_CONV] [--top_k TOP_K] [--num_kernels NUM_KERNELS]
              [--enc_in ENC_IN] [--dec_in DEC_IN] [--c_out C_OUT]
              [--d_model D_MODEL] [--n_heads N_HEADS] [--e_layers E_LAYERS]
              [--d_layers D_LAYERS] [--d_ff D_FF] [--moving_avg MOVING_AVG]
              [--factor FACTOR] [--distil] [--dropout DROPOUT] [--embed EMBED]
              [--activation ACTIVATION]
              [--channel_independence CHANNEL_INDEPENDENCE]
              [--decomp_method DECOMP_METHOD] [--use_norm USE_NORM]
              [--down_sampling_layers DOWN_SAMPLING_LAYERS]
              [--down_sampling_window DOWN_SAMPLING_WINDOW]
              [--down_sampling_method DOWN_SAMPLING_METHOD]
              [--seg_len SEG_LEN]
              [--list_inplanes LIST_INPLANES [LIST_INPLANES ...]]
              [--num_rnn_sequence NUM_RNN_SEQUENCE]
              [--embedding_c EMBEDDING_C] [--dropout_rate DROPOUT_RATE]
              [--batch_norm BATCH_NORM] [--n_fft N_FFT]
              [--hop_length HOP_LENGTH] [--conv_channel_1 CONV_CHANNEL_1]
              [--conv_channel_2 CONV_CHANNEL_2]
              [--conv_channel_3 CONV_CHANNEL_3]
              [--inception_channel_1 INCEPTION_CHANNEL_1]
              [--inception_channel_2 INCEPTION_CHANNEL_2]
              [--inception_channel_3 INCEPTION_CHANNEL_3]
              [--pool_size POOL_SIZE] [--ffn_hidden_size FFN_HIDDEN_SIZE]
              [--num_workers NUM_WORKERS] [--itr ITR]
              [--train_epochs TRAIN_EPOCHS] [--batch_size BATCH_SIZE]
              [--patience PATIENCE] [--learning_rate LEARNING_RATE]
              [--des DES] [--loss LOSS] [--lradj LRADJ] [--use_amp]
              [--vali_interval VALI_INTERVAL] [--dwt_level DWT_LEVEL]
              [--wavelet WAVELET] [--ffn_dim FFN_DIM]
              [--focal_alpha FOCAL_ALPHA] [--focal_gamma FOCAL_GAMMA]
              [--focal_threshold FOCAL_THRESHOLD] [--use_gpu USE_GPU]
              [--gpu GPU] [--gpu_type GPU_TYPE] [--use_multi_gpu]
              [--devices DEVICES]
              [--p_hidden_dims P_HIDDEN_DIMS [P_HIDDEN_DIMS ...]]
              [--p_hidden_layers P_HIDDEN_LAYERS] [--use_dtw USE_DTW]
              [--augmentation_ratio AUGMENTATION_RATIO] [--seed SEED]
              [--jitter] [--scaling] [--permutation] [--randompermutation]
              [--magwarp] [--timewarp] [--windowslice] [--windowwarp]
              [--rotation] [--spawner] [--dtwwarp] [--shapedtwwarp] [--wdba]
              [--discdtw] [--discsdtw] [--extra_tag EXTRA_TAG]
              [--patch_len PATCH_LEN]
run.py: error: unrecognized arguments: 'logg', 'FeH', 'CFe'] 0.1, 0.2]
运行配置: SFFT参数 n_fft=512, hop_length=128
usage: run.py [-h] --task_name TASK_NAME --is_training IS_TRAINING --model_id
              MODEL_ID --model MODEL --data DATA [--root_path ROOT_PATH]
              [--data_path DATA_PATH] [--plot_loss PLOT_LOSS]
              [--features FEATURES] [--target TARGET] [--freq FREQ]
              [--checkpoints CHECKPOINTS] [--feature_size FEATURE_SIZE]
              [--label_size LABEL_SIZE] [--seq_len SEQ_LEN]
              [--label_len LABEL_LEN] [--pred_len PRED_LEN]
              [--seasonal_patterns SEASONAL_PATTERNS] [--inverse]
              [--mask_rate MASK_RATE] [--anomaly_ratio ANOMALY_RATIO]
              [--apply_inverse_transform APPLY_INVERSE_TRANSFORM]
              [--label_scaler_type LABEL_SCALER_TYPE]
              [--split_ratio SPLIT_RATIO] [--targets TARGETS]
              [--features_scaler_type FEATURES_SCALER_TYPE] [--expand EXPAND]
              [--d_conv D_CONV] [--top_k TOP_K] [--num_kernels NUM_KERNELS]
              [--enc_in ENC_IN] [--dec_in DEC_IN] [--c_out C_OUT]
              [--d_model D_MODEL] [--n_heads N_HEADS] [--e_layers E_LAYERS]
              [--d_layers D_LAYERS] [--d_ff D_FF] [--moving_avg MOVING_AVG]
              [--factor FACTOR] [--distil] [--dropout DROPOUT] [--embed EMBED]
              [--activation ACTIVATION]
              [--channel_independence CHANNEL_INDEPENDENCE]
              [--decomp_method DECOMP_METHOD] [--use_norm USE_NORM]
              [--down_sampling_layers DOWN_SAMPLING_LAYERS]
              [--down_sampling_window DOWN_SAMPLING_WINDOW]
              [--down_sampling_method DOWN_SAMPLING_METHOD]
              [--seg_len SEG_LEN]
              [--list_inplanes LIST_INPLANES [LIST_INPLANES ...]]
              [--num_rnn_sequence NUM_RNN_SEQUENCE]
              [--embedding_c EMBEDDING_C] [--dropout_rate DROPOUT_RATE]
              [--batch_norm BATCH_NORM] [--n_fft N_FFT]
              [--hop_length HOP_LENGTH] [--conv_channel_1 CONV_CHANNEL_1]
              [--conv_channel_2 CONV_CHANNEL_2]
              [--conv_channel_3 CONV_CHANNEL_3]
              [--inception_channel_1 INCEPTION_CHANNEL_1]
              [--inception_channel_2 INCEPTION_CHANNEL_2]
              [--inception_channel_3 INCEPTION_CHANNEL_3]
              [--pool_size POOL_SIZE] [--ffn_hidden_size FFN_HIDDEN_SIZE]
              [--num_workers NUM_WORKERS] [--itr ITR]
              [--train_epochs TRAIN_EPOCHS] [--batch_size BATCH_SIZE]
              [--patience PATIENCE] [--learning_rate LEARNING_RATE]
              [--des DES] [--loss LOSS] [--lradj LRADJ] [--use_amp]
              [--vali_interval VALI_INTERVAL] [--dwt_level DWT_LEVEL]
              [--wavelet WAVELET] [--ffn_dim FFN_DIM]
              [--focal_alpha FOCAL_ALPHA] [--focal_gamma FOCAL_GAMMA]
              [--focal_threshold FOCAL_THRESHOLD] [--use_gpu USE_GPU]
              [--gpu GPU] [--gpu_type GPU_TYPE] [--use_multi_gpu]
              [--devices DEVICES]
              [--p_hidden_dims P_HIDDEN_DIMS [P_HIDDEN_DIMS ...]]
              [--p_hidden_layers P_HIDDEN_LAYERS] [--use_dtw USE_DTW]
              [--augmentation_ratio AUGMENTATION_RATIO] [--seed SEED]
              [--jitter] [--scaling] [--permutation] [--randompermutation]
              [--magwarp] [--timewarp] [--windowslice] [--windowwarp]
              [--rotation] [--spawner] [--dtwwarp] [--shapedtwwarp] [--wdba]
              [--discdtw] [--discsdtw] [--extra_tag EXTRA_TAG]
              [--patch_len PATCH_LEN]
run.py: error: unrecognized arguments: 'logg', 'FeH', 'CFe'] 0.1, 0.2]
运行配置: 通道配置 conv=8 16 32, inception=8 16 32
usage: run.py [-h] --task_name TASK_NAME --is_training IS_TRAINING --model_id
              MODEL_ID --model MODEL --data DATA [--root_path ROOT_PATH]
              [--data_path DATA_PATH] [--plot_loss PLOT_LOSS]
              [--features FEATURES] [--target TARGET] [--freq FREQ]
              [--checkpoints CHECKPOINTS] [--feature_size FEATURE_SIZE]
              [--label_size LABEL_SIZE] [--seq_len SEQ_LEN]
              [--label_len LABEL_LEN] [--pred_len PRED_LEN]
              [--seasonal_patterns SEASONAL_PATTERNS] [--inverse]
              [--mask_rate MASK_RATE] [--anomaly_ratio ANOMALY_RATIO]
              [--apply_inverse_transform APPLY_INVERSE_TRANSFORM]
              [--label_scaler_type LABEL_SCALER_TYPE]
              [--split_ratio SPLIT_RATIO] [--targets TARGETS]
              [--features_scaler_type FEATURES_SCALER_TYPE] [--expand EXPAND]
              [--d_conv D_CONV] [--top_k TOP_K] [--num_kernels NUM_KERNELS]
              [--enc_in ENC_IN] [--dec_in DEC_IN] [--c_out C_OUT]
              [--d_model D_MODEL] [--n_heads N_HEADS] [--e_layers E_LAYERS]
              [--d_layers D_LAYERS] [--d_ff D_FF] [--moving_avg MOVING_AVG]
              [--factor FACTOR] [--distil] [--dropout DROPOUT] [--embed EMBED]
              [--activation ACTIVATION]
              [--channel_independence CHANNEL_INDEPENDENCE]
              [--decomp_method DECOMP_METHOD] [--use_norm USE_NORM]
              [--down_sampling_layers DOWN_SAMPLING_LAYERS]
              [--down_sampling_window DOWN_SAMPLING_WINDOW]
              [--down_sampling_method DOWN_SAMPLING_METHOD]
              [--seg_len SEG_LEN]
              [--list_inplanes LIST_INPLANES [LIST_INPLANES ...]]
              [--num_rnn_sequence NUM_RNN_SEQUENCE]
              [--embedding_c EMBEDDING_C] [--dropout_rate DROPOUT_RATE]
              [--batch_norm BATCH_NORM] [--n_fft N_FFT]
              [--hop_length HOP_LENGTH] [--conv_channel_1 CONV_CHANNEL_1]
              [--conv_channel_2 CONV_CHANNEL_2]
              [--conv_channel_3 CONV_CHANNEL_3]
              [--inception_channel_1 INCEPTION_CHANNEL_1]
              [--inception_channel_2 INCEPTION_CHANNEL_2]
              [--inception_channel_3 INCEPTION_CHANNEL_3]
              [--pool_size POOL_SIZE] [--ffn_hidden_size FFN_HIDDEN_SIZE]
              [--num_workers NUM_WORKERS] [--itr ITR]
              [--train_epochs TRAIN_EPOCHS] [--batch_size BATCH_SIZE]
              [--patience PATIENCE] [--learning_rate LEARNING_RATE]
              [--des DES] [--loss LOSS] [--lradj LRADJ] [--use_amp]
              [--vali_interval VALI_INTERVAL] [--dwt_level DWT_LEVEL]
              [--wavelet WAVELET] [--ffn_dim FFN_DIM]
              [--focal_alpha FOCAL_ALPHA] [--focal_gamma FOCAL_GAMMA]
              [--focal_threshold FOCAL_THRESHOLD] [--use_gpu USE_GPU]
              [--gpu GPU] [--gpu_type GPU_TYPE] [--use_multi_gpu]
              [--devices DEVICES]
              [--p_hidden_dims P_HIDDEN_DIMS [P_HIDDEN_DIMS ...]]
              [--p_hidden_layers P_HIDDEN_LAYERS] [--use_dtw USE_DTW]
              [--augmentation_ratio AUGMENTATION_RATIO] [--seed SEED]
              [--jitter] [--scaling] [--permutation] [--randompermutation]
              [--magwarp] [--timewarp] [--windowslice] [--windowwarp]
              [--rotation] [--spawner] [--dtwwarp] [--shapedtwwarp] [--wdba]
              [--discdtw] [--discsdtw] [--extra_tag EXTRA_TAG]
              [--patch_len PATCH_LEN]
run.py: error: unrecognized arguments: 'logg', 'FeH', 'CFe'] 0.1, 0.2]
运行配置: 通道配置 conv=16 32 64, inception=16 32 64
usage: run.py [-h] --task_name TASK_NAME --is_training IS_TRAINING --model_id
              MODEL_ID --model MODEL --data DATA [--root_path ROOT_PATH]
              [--data_path DATA_PATH] [--plot_loss PLOT_LOSS]
              [--features FEATURES] [--target TARGET] [--freq FREQ]
              [--checkpoints CHECKPOINTS] [--feature_size FEATURE_SIZE]
              [--label_size LABEL_SIZE] [--seq_len SEQ_LEN]
              [--label_len LABEL_LEN] [--pred_len PRED_LEN]
              [--seasonal_patterns SEASONAL_PATTERNS] [--inverse]
              [--mask_rate MASK_RATE] [--anomaly_ratio ANOMALY_RATIO]
              [--apply_inverse_transform APPLY_INVERSE_TRANSFORM]
              [--label_scaler_type LABEL_SCALER_TYPE]
              [--split_ratio SPLIT_RATIO] [--targets TARGETS]
              [--features_scaler_type FEATURES_SCALER_TYPE] [--expand EXPAND]
              [--d_conv D_CONV] [--top_k TOP_K] [--num_kernels NUM_KERNELS]
              [--enc_in ENC_IN] [--dec_in DEC_IN] [--c_out C_OUT]
              [--d_model D_MODEL] [--n_heads N_HEADS] [--e_layers E_LAYERS]
              [--d_layers D_LAYERS] [--d_ff D_FF] [--moving_avg MOVING_AVG]
              [--factor FACTOR] [--distil] [--dropout DROPOUT] [--embed EMBED]
              [--activation ACTIVATION]
              [--channel_independence CHANNEL_INDEPENDENCE]
              [--decomp_method DECOMP_METHOD] [--use_norm USE_NORM]
              [--down_sampling_layers DOWN_SAMPLING_LAYERS]
              [--down_sampling_window DOWN_SAMPLING_WINDOW]
              [--down_sampling_method DOWN_SAMPLING_METHOD]
              [--seg_len SEG_LEN]
              [--list_inplanes LIST_INPLANES [LIST_INPLANES ...]]
              [--num_rnn_sequence NUM_RNN_SEQUENCE]
              [--embedding_c EMBEDDING_C] [--dropout_rate DROPOUT_RATE]
              [--batch_norm BATCH_NORM] [--n_fft N_FFT]
              [--hop_length HOP_LENGTH] [--conv_channel_1 CONV_CHANNEL_1]
              [--conv_channel_2 CONV_CHANNEL_2]
              [--conv_channel_3 CONV_CHANNEL_3]
              [--inception_channel_1 INCEPTION_CHANNEL_1]
              [--inception_channel_2 INCEPTION_CHANNEL_2]
              [--inception_channel_3 INCEPTION_CHANNEL_3]
              [--pool_size POOL_SIZE] [--ffn_hidden_size FFN_HIDDEN_SIZE]
              [--num_workers NUM_WORKERS] [--itr ITR]
              [--train_epochs TRAIN_EPOCHS] [--batch_size BATCH_SIZE]
              [--patience PATIENCE] [--learning_rate LEARNING_RATE]
              [--des DES] [--loss LOSS] [--lradj LRADJ] [--use_amp]
              [--vali_interval VALI_INTERVAL] [--dwt_level DWT_LEVEL]
              [--wavelet WAVELET] [--ffn_dim FFN_DIM]
              [--focal_alpha FOCAL_ALPHA] [--focal_gamma FOCAL_GAMMA]
              [--focal_threshold FOCAL_THRESHOLD] [--use_gpu USE_GPU]
              [--gpu GPU] [--gpu_type GPU_TYPE] [--use_multi_gpu]
              [--devices DEVICES]
              [--p_hidden_dims P_HIDDEN_DIMS [P_HIDDEN_DIMS ...]]
              [--p_hidden_layers P_HIDDEN_LAYERS] [--use_dtw USE_DTW]
              [--augmentation_ratio AUGMENTATION_RATIO] [--seed SEED]
              [--jitter] [--scaling] [--permutation] [--randompermutation]
              [--magwarp] [--timewarp] [--windowslice] [--windowwarp]
              [--rotation] [--spawner] [--dtwwarp] [--shapedtwwarp] [--wdba]
              [--discdtw] [--discsdtw] [--extra_tag EXTRA_TAG]
              [--patch_len PATCH_LEN]
run.py: error: unrecognized arguments: 'logg', 'FeH', 'CFe'] 0.1, 0.2]
运行配置: 通道配置 conv=32 64 128, inception=32 64 128
usage: run.py [-h] --task_name TASK_NAME --is_training IS_TRAINING --model_id
              MODEL_ID --model MODEL --data DATA [--root_path ROOT_PATH]
              [--data_path DATA_PATH] [--plot_loss PLOT_LOSS]
              [--features FEATURES] [--target TARGET] [--freq FREQ]
              [--checkpoints CHECKPOINTS] [--feature_size FEATURE_SIZE]
              [--label_size LABEL_SIZE] [--seq_len SEQ_LEN]
              [--label_len LABEL_LEN] [--pred_len PRED_LEN]
              [--seasonal_patterns SEASONAL_PATTERNS] [--inverse]
              [--mask_rate MASK_RATE] [--anomaly_ratio ANOMALY_RATIO]
              [--apply_inverse_transform APPLY_INVERSE_TRANSFORM]
              [--label_scaler_type LABEL_SCALER_TYPE]
              [--split_ratio SPLIT_RATIO] [--targets TARGETS]
              [--features_scaler_type FEATURES_SCALER_TYPE] [--expand EXPAND]
              [--d_conv D_CONV] [--top_k TOP_K] [--num_kernels NUM_KERNELS]
              [--enc_in ENC_IN] [--dec_in DEC_IN] [--c_out C_OUT]
              [--d_model D_MODEL] [--n_heads N_HEADS] [--e_layers E_LAYERS]
              [--d_layers D_LAYERS] [--d_ff D_FF] [--moving_avg MOVING_AVG]
              [--factor FACTOR] [--distil] [--dropout DROPOUT] [--embed EMBED]
              [--activation ACTIVATION]
              [--channel_independence CHANNEL_INDEPENDENCE]
              [--decomp_method DECOMP_METHOD] [--use_norm USE_NORM]
              [--down_sampling_layers DOWN_SAMPLING_LAYERS]
              [--down_sampling_window DOWN_SAMPLING_WINDOW]
              [--down_sampling_method DOWN_SAMPLING_METHOD]
              [--seg_len SEG_LEN]
              [--list_inplanes LIST_INPLANES [LIST_INPLANES ...]]
              [--num_rnn_sequence NUM_RNN_SEQUENCE]
              [--embedding_c EMBEDDING_C] [--dropout_rate DROPOUT_RATE]
              [--batch_norm BATCH_NORM] [--n_fft N_FFT]
              [--hop_length HOP_LENGTH] [--conv_channel_1 CONV_CHANNEL_1]
              [--conv_channel_2 CONV_CHANNEL_2]
              [--conv_channel_3 CONV_CHANNEL_3]
              [--inception_channel_1 INCEPTION_CHANNEL_1]
              [--inception_channel_2 INCEPTION_CHANNEL_2]
              [--inception_channel_3 INCEPTION_CHANNEL_3]
              [--pool_size POOL_SIZE] [--ffn_hidden_size FFN_HIDDEN_SIZE]
              [--num_workers NUM_WORKERS] [--itr ITR]
              [--train_epochs TRAIN_EPOCHS] [--batch_size BATCH_SIZE]
              [--patience PATIENCE] [--learning_rate LEARNING_RATE]
              [--des DES] [--loss LOSS] [--lradj LRADJ] [--use_amp]
              [--vali_interval VALI_INTERVAL] [--dwt_level DWT_LEVEL]
              [--wavelet WAVELET] [--ffn_dim FFN_DIM]
              [--focal_alpha FOCAL_ALPHA] [--focal_gamma FOCAL_GAMMA]
              [--focal_threshold FOCAL_THRESHOLD] [--use_gpu USE_GPU]
              [--gpu GPU] [--gpu_type GPU_TYPE] [--use_multi_gpu]
              [--devices DEVICES]
              [--p_hidden_dims P_HIDDEN_DIMS [P_HIDDEN_DIMS ...]]
              [--p_hidden_layers P_HIDDEN_LAYERS] [--use_dtw USE_DTW]
              [--augmentation_ratio AUGMENTATION_RATIO] [--seed SEED]
              [--jitter] [--scaling] [--permutation] [--randompermutation]
              [--magwarp] [--timewarp] [--windowslice] [--windowwarp]
              [--rotation] [--spawner] [--dtwwarp] [--shapedtwwarp] [--wdba]
              [--discdtw] [--discsdtw] [--extra_tag EXTRA_TAG]
              [--patch_len PATCH_LEN]
run.py: error: unrecognized arguments: 'logg', 'FeH', 'CFe'] 0.1, 0.2]
调参脚本1执行完成！
开始执行调参脚本1：SFFT参数和网络结构调优
运行配置: SFFT参数 n_fft=128, hop_length=32
usage: run.py [-h] --task_name TASK_NAME --is_training IS_TRAINING --model_id
              MODEL_ID --model MODEL --data DATA [--root_path ROOT_PATH]
              [--data_path DATA_PATH] [--plot_loss PLOT_LOSS]
              [--features FEATURES] [--target TARGET] [--freq FREQ]
              [--checkpoints CHECKPOINTS] [--feature_size FEATURE_SIZE]
              [--label_size LABEL_SIZE] [--seq_len SEQ_LEN]
              [--label_len LABEL_LEN] [--pred_len PRED_LEN]
              [--seasonal_patterns SEASONAL_PATTERNS] [--inverse]
              [--mask_rate MASK_RATE] [--anomaly_ratio ANOMALY_RATIO]
              [--apply_inverse_transform APPLY_INVERSE_TRANSFORM]
              [--label_scaler_type LABEL_SCALER_TYPE]
              [--split_ratio SPLIT_RATIO] [--targets TARGETS]
              [--features_scaler_type FEATURES_SCALER_TYPE] [--expand EXPAND]
              [--d_conv D_CONV] [--top_k TOP_K] [--num_kernels NUM_KERNELS]
              [--enc_in ENC_IN] [--dec_in DEC_IN] [--c_out C_OUT]
              [--d_model D_MODEL] [--n_heads N_HEADS] [--e_layers E_LAYERS]
              [--d_layers D_LAYERS] [--d_ff D_FF] [--moving_avg MOVING_AVG]
              [--factor FACTOR] [--distil] [--dropout DROPOUT] [--embed EMBED]
              [--activation ACTIVATION]
              [--channel_independence CHANNEL_INDEPENDENCE]
              [--decomp_method DECOMP_METHOD] [--use_norm USE_NORM]
              [--down_sampling_layers DOWN_SAMPLING_LAYERS]
              [--down_sampling_window DOWN_SAMPLING_WINDOW]
              [--down_sampling_method DOWN_SAMPLING_METHOD]
              [--seg_len SEG_LEN]
              [--list_inplanes LIST_INPLANES [LIST_INPLANES ...]]
              [--num_rnn_sequence NUM_RNN_SEQUENCE]
              [--embedding_c EMBEDDING_C] [--dropout_rate DROPOUT_RATE]
              [--batch_norm BATCH_NORM] [--n_fft N_FFT]
              [--hop_length HOP_LENGTH] [--conv_channel_1 CONV_CHANNEL_1]
              [--conv_channel_2 CONV_CHANNEL_2]
              [--conv_channel_3 CONV_CHANNEL_3]
              [--inception_channel_1 INCEPTION_CHANNEL_1]
              [--inception_channel_2 INCEPTION_CHANNEL_2]
              [--inception_channel_3 INCEPTION_CHANNEL_3]
              [--pool_size POOL_SIZE] [--ffn_hidden_size FFN_HIDDEN_SIZE]
              [--num_workers NUM_WORKERS] [--itr ITR]
              [--train_epochs TRAIN_EPOCHS] [--batch_size BATCH_SIZE]
              [--patience PATIENCE] [--learning_rate LEARNING_RATE]
              [--des DES] [--loss LOSS] [--lradj LRADJ] [--use_amp]
              [--vali_interval VALI_INTERVAL] [--dwt_level DWT_LEVEL]
              [--wavelet WAVELET] [--ffn_dim FFN_DIM]
              [--focal_alpha FOCAL_ALPHA] [--focal_gamma FOCAL_GAMMA]
              [--focal_threshold FOCAL_THRESHOLD] [--use_gpu USE_GPU]
              [--gpu GPU] [--gpu_type GPU_TYPE] [--use_multi_gpu]
              [--devices DEVICES]
              [--p_hidden_dims P_HIDDEN_DIMS [P_HIDDEN_DIMS ...]]
              [--p_hidden_layers P_HIDDEN_LAYERS] [--use_dtw USE_DTW]
              [--augmentation_ratio AUGMENTATION_RATIO] [--seed SEED]
              [--jitter] [--scaling] [--permutation] [--randompermutation]
              [--magwarp] [--timewarp] [--windowslice] [--windowwarp]
              [--rotation] [--spawner] [--dtwwarp] [--shapedtwwarp] [--wdba]
              [--discdtw] [--discsdtw] [--extra_tag EXTRA_TAG]
              [--patch_len PATCH_LEN]
run.py: error: unrecognized arguments: 'logg', 'FeH', 'CFe'] 0.1, 0.2]
运行配置: SFFT参数 n_fft=128, hop_length=64
usage: run.py [-h] --task_name TASK_NAME --is_training IS_TRAINING --model_id
              MODEL_ID --model MODEL --data DATA [--root_path ROOT_PATH]
              [--data_path DATA_PATH] [--plot_loss PLOT_LOSS]
              [--features FEATURES] [--target TARGET] [--freq FREQ]
              [--checkpoints CHECKPOINTS] [--feature_size FEATURE_SIZE]
              [--label_size LABEL_SIZE] [--seq_len SEQ_LEN]
              [--label_len LABEL_LEN] [--pred_len PRED_LEN]
              [--seasonal_patterns SEASONAL_PATTERNS] [--inverse]
              [--mask_rate MASK_RATE] [--anomaly_ratio ANOMALY_RATIO]
              [--apply_inverse_transform APPLY_INVERSE_TRANSFORM]
              [--label_scaler_type LABEL_SCALER_TYPE]
              [--split_ratio SPLIT_RATIO] [--targets TARGETS]
              [--features_scaler_type FEATURES_SCALER_TYPE] [--expand EXPAND]
              [--d_conv D_CONV] [--top_k TOP_K] [--num_kernels NUM_KERNELS]
              [--enc_in ENC_IN] [--dec_in DEC_IN] [--c_out C_OUT]
              [--d_model D_MODEL] [--n_heads N_HEADS] [--e_layers E_LAYERS]
              [--d_layers D_LAYERS] [--d_ff D_FF] [--moving_avg MOVING_AVG]
              [--factor FACTOR] [--distil] [--dropout DROPOUT] [--embed EMBED]
              [--activation ACTIVATION]
              [--channel_independence CHANNEL_INDEPENDENCE]
              [--decomp_method DECOMP_METHOD] [--use_norm USE_NORM]
              [--down_sampling_layers DOWN_SAMPLING_LAYERS]
              [--down_sampling_window DOWN_SAMPLING_WINDOW]
              [--down_sampling_method DOWN_SAMPLING_METHOD]
              [--seg_len SEG_LEN]
              [--list_inplanes LIST_INPLANES [LIST_INPLANES ...]]
              [--num_rnn_sequence NUM_RNN_SEQUENCE]
              [--embedding_c EMBEDDING_C] [--dropout_rate DROPOUT_RATE]
              [--batch_norm BATCH_NORM] [--n_fft N_FFT]
              [--hop_length HOP_LENGTH] [--conv_channel_1 CONV_CHANNEL_1]
              [--conv_channel_2 CONV_CHANNEL_2]
              [--conv_channel_3 CONV_CHANNEL_3]
              [--inception_channel_1 INCEPTION_CHANNEL_1]
              [--inception_channel_2 INCEPTION_CHANNEL_2]
              [--inception_channel_3 INCEPTION_CHANNEL_3]
              [--pool_size POOL_SIZE] [--ffn_hidden_size FFN_HIDDEN_SIZE]
              [--num_workers NUM_WORKERS] [--itr ITR]
              [--train_epochs TRAIN_EPOCHS] [--batch_size BATCH_SIZE]
              [--patience PATIENCE] [--learning_rate LEARNING_RATE]
              [--des DES] [--loss LOSS] [--lradj LRADJ] [--use_amp]
              [--vali_interval VALI_INTERVAL] [--dwt_level DWT_LEVEL]
              [--wavelet WAVELET] [--ffn_dim FFN_DIM]
              [--focal_alpha FOCAL_ALPHA] [--focal_gamma FOCAL_GAMMA]
              [--focal_threshold FOCAL_THRESHOLD] [--use_gpu USE_GPU]
              [--gpu GPU] [--gpu_type GPU_TYPE] [--use_multi_gpu]
              [--devices DEVICES]
              [--p_hidden_dims P_HIDDEN_DIMS [P_HIDDEN_DIMS ...]]
              [--p_hidden_layers P_HIDDEN_LAYERS] [--use_dtw USE_DTW]
              [--augmentation_ratio AUGMENTATION_RATIO] [--seed SEED]
              [--jitter] [--scaling] [--permutation] [--randompermutation]
              [--magwarp] [--timewarp] [--windowslice] [--windowwarp]
              [--rotation] [--spawner] [--dtwwarp] [--shapedtwwarp] [--wdba]
              [--discdtw] [--discsdtw] [--extra_tag EXTRA_TAG]
              [--patch_len PATCH_LEN]
run.py: error: unrecognized arguments: 'logg', 'FeH', 'CFe'] 0.1, 0.2]
运行配置: SFFT参数 n_fft=256, hop_length=32
usage: run.py [-h] --task_name TASK_NAME --is_training IS_TRAINING --model_id
              MODEL_ID --model MODEL --data DATA [--root_path ROOT_PATH]
              [--data_path DATA_PATH] [--plot_loss PLOT_LOSS]
              [--features FEATURES] [--target TARGET] [--freq FREQ]
              [--checkpoints CHECKPOINTS] [--feature_size FEATURE_SIZE]
              [--label_size LABEL_SIZE] [--seq_len SEQ_LEN]
              [--label_len LABEL_LEN] [--pred_len PRED_LEN]
              [--seasonal_patterns SEASONAL_PATTERNS] [--inverse]
              [--mask_rate MASK_RATE] [--anomaly_ratio ANOMALY_RATIO]
              [--apply_inverse_transform APPLY_INVERSE_TRANSFORM]
              [--label_scaler_type LABEL_SCALER_TYPE]
              [--split_ratio SPLIT_RATIO] [--targets TARGETS]
              [--features_scaler_type FEATURES_SCALER_TYPE] [--expand EXPAND]
              [--d_conv D_CONV] [--top_k TOP_K] [--num_kernels NUM_KERNELS]
              [--enc_in ENC_IN] [--dec_in DEC_IN] [--c_out C_OUT]
              [--d_model D_MODEL] [--n_heads N_HEADS] [--e_layers E_LAYERS]
              [--d_layers D_LAYERS] [--d_ff D_FF] [--moving_avg MOVING_AVG]
              [--factor FACTOR] [--distil] [--dropout DROPOUT] [--embed EMBED]
              [--activation ACTIVATION]
              [--channel_independence CHANNEL_INDEPENDENCE]
              [--decomp_method DECOMP_METHOD] [--use_norm USE_NORM]
              [--down_sampling_layers DOWN_SAMPLING_LAYERS]
              [--down_sampling_window DOWN_SAMPLING_WINDOW]
              [--down_sampling_method DOWN_SAMPLING_METHOD]
              [--seg_len SEG_LEN]
              [--list_inplanes LIST_INPLANES [LIST_INPLANES ...]]
              [--num_rnn_sequence NUM_RNN_SEQUENCE]
              [--embedding_c EMBEDDING_C] [--dropout_rate DROPOUT_RATE]
              [--batch_norm BATCH_NORM] [--n_fft N_FFT]
              [--hop_length HOP_LENGTH] [--conv_channel_1 CONV_CHANNEL_1]
              [--conv_channel_2 CONV_CHANNEL_2]
              [--conv_channel_3 CONV_CHANNEL_3]
              [--inception_channel_1 INCEPTION_CHANNEL_1]
              [--inception_channel_2 INCEPTION_CHANNEL_2]
              [--inception_channel_3 INCEPTION_CHANNEL_3]
              [--pool_size POOL_SIZE] [--ffn_hidden_size FFN_HIDDEN_SIZE]
              [--num_workers NUM_WORKERS] [--itr ITR]
              [--train_epochs TRAIN_EPOCHS] [--batch_size BATCH_SIZE]
              [--patience PATIENCE] [--learning_rate LEARNING_RATE]
              [--des DES] [--loss LOSS] [--lradj LRADJ] [--use_amp]
              [--vali_interval VALI_INTERVAL] [--dwt_level DWT_LEVEL]
              [--wavelet WAVELET] [--ffn_dim FFN_DIM]
              [--focal_alpha FOCAL_ALPHA] [--focal_gamma FOCAL_GAMMA]
              [--focal_threshold FOCAL_THRESHOLD] [--use_gpu USE_GPU]
              [--gpu GPU] [--gpu_type GPU_TYPE] [--use_multi_gpu]
              [--devices DEVICES]
              [--p_hidden_dims P_HIDDEN_DIMS [P_HIDDEN_DIMS ...]]
              [--p_hidden_layers P_HIDDEN_LAYERS] [--use_dtw USE_DTW]
              [--augmentation_ratio AUGMENTATION_RATIO] [--seed SEED]
              [--jitter] [--scaling] [--permutation] [--randompermutation]
              [--magwarp] [--timewarp] [--windowslice] [--windowwarp]
              [--rotation] [--spawner] [--dtwwarp] [--shapedtwwarp] [--wdba]
              [--discdtw] [--discsdtw] [--extra_tag EXTRA_TAG]
              [--patch_len PATCH_LEN]
run.py: error: unrecognized arguments: 'logg', 'FeH', 'CFe'] 0.1, 0.2]
运行配置: SFFT参数 n_fft=256, hop_length=64
usage: run.py [-h] --task_name TASK_NAME --is_training IS_TRAINING --model_id
              MODEL_ID --model MODEL --data DATA [--root_path ROOT_PATH]
              [--data_path DATA_PATH] [--plot_loss PLOT_LOSS]
              [--features FEATURES] [--target TARGET] [--freq FREQ]
              [--checkpoints CHECKPOINTS] [--feature_size FEATURE_SIZE]
              [--label_size LABEL_SIZE] [--seq_len SEQ_LEN]
              [--label_len LABEL_LEN] [--pred_len PRED_LEN]
              [--seasonal_patterns SEASONAL_PATTERNS] [--inverse]
              [--mask_rate MASK_RATE] [--anomaly_ratio ANOMALY_RATIO]
              [--apply_inverse_transform APPLY_INVERSE_TRANSFORM]
              [--label_scaler_type LABEL_SCALER_TYPE]
              [--split_ratio SPLIT_RATIO] [--targets TARGETS]
              [--features_scaler_type FEATURES_SCALER_TYPE] [--expand EXPAND]
              [--d_conv D_CONV] [--top_k TOP_K] [--num_kernels NUM_KERNELS]
              [--enc_in ENC_IN] [--dec_in DEC_IN] [--c_out C_OUT]
              [--d_model D_MODEL] [--n_heads N_HEADS] [--e_layers E_LAYERS]
              [--d_layers D_LAYERS] [--d_ff D_FF] [--moving_avg MOVING_AVG]
              [--factor FACTOR] [--distil] [--dropout DROPOUT] [--embed EMBED]
              [--activation ACTIVATION]
              [--channel_independence CHANNEL_INDEPENDENCE]
              [--decomp_method DECOMP_METHOD] [--use_norm USE_NORM]
              [--down_sampling_layers DOWN_SAMPLING_LAYERS]
              [--down_sampling_window DOWN_SAMPLING_WINDOW]
              [--down_sampling_method DOWN_SAMPLING_METHOD]
              [--seg_len SEG_LEN]
              [--list_inplanes LIST_INPLANES [LIST_INPLANES ...]]
              [--num_rnn_sequence NUM_RNN_SEQUENCE]
              [--embedding_c EMBEDDING_C] [--dropout_rate DROPOUT_RATE]
              [--batch_norm BATCH_NORM] [--n_fft N_FFT]
              [--hop_length HOP_LENGTH] [--conv_channel_1 CONV_CHANNEL_1]
              [--conv_channel_2 CONV_CHANNEL_2]
              [--conv_channel_3 CONV_CHANNEL_3]
              [--inception_channel_1 INCEPTION_CHANNEL_1]
              [--inception_channel_2 INCEPTION_CHANNEL_2]
              [--inception_channel_3 INCEPTION_CHANNEL_3]
              [--pool_size POOL_SIZE] [--ffn_hidden_size FFN_HIDDEN_SIZE]
              [--num_workers NUM_WORKERS] [--itr ITR]
              [--train_epochs TRAIN_EPOCHS] [--batch_size BATCH_SIZE]
              [--patience PATIENCE] [--learning_rate LEARNING_RATE]
              [--des DES] [--loss LOSS] [--lradj LRADJ] [--use_amp]
              [--vali_interval VALI_INTERVAL] [--dwt_level DWT_LEVEL]
              [--wavelet WAVELET] [--ffn_dim FFN_DIM]
              [--focal_alpha FOCAL_ALPHA] [--focal_gamma FOCAL_GAMMA]
              [--focal_threshold FOCAL_THRESHOLD] [--use_gpu USE_GPU]
              [--gpu GPU] [--gpu_type GPU_TYPE] [--use_multi_gpu]
              [--devices DEVICES]
              [--p_hidden_dims P_HIDDEN_DIMS [P_HIDDEN_DIMS ...]]
              [--p_hidden_layers P_HIDDEN_LAYERS] [--use_dtw USE_DTW]
              [--augmentation_ratio AUGMENTATION_RATIO] [--seed SEED]
              [--jitter] [--scaling] [--permutation] [--randompermutation]
              [--magwarp] [--timewarp] [--windowslice] [--windowwarp]
              [--rotation] [--spawner] [--dtwwarp] [--shapedtwwarp] [--wdba]
              [--discdtw] [--discsdtw] [--extra_tag EXTRA_TAG]
              [--patch_len PATCH_LEN]
run.py: error: unrecognized arguments: 'logg', 'FeH', 'CFe'] 0.1, 0.2]
运行配置: SFFT参数 n_fft=256, hop_length=128
usage: run.py [-h] --task_name TASK_NAME --is_training IS_TRAINING --model_id
              MODEL_ID --model MODEL --data DATA [--root_path ROOT_PATH]
              [--data_path DATA_PATH] [--plot_loss PLOT_LOSS]
              [--features FEATURES] [--target TARGET] [--freq FREQ]
              [--checkpoints CHECKPOINTS] [--feature_size FEATURE_SIZE]
              [--label_size LABEL_SIZE] [--seq_len SEQ_LEN]
              [--label_len LABEL_LEN] [--pred_len PRED_LEN]
              [--seasonal_patterns SEASONAL_PATTERNS] [--inverse]
              [--mask_rate MASK_RATE] [--anomaly_ratio ANOMALY_RATIO]
              [--apply_inverse_transform APPLY_INVERSE_TRANSFORM]
              [--label_scaler_type LABEL_SCALER_TYPE]
              [--split_ratio SPLIT_RATIO] [--targets TARGETS]
              [--features_scaler_type FEATURES_SCALER_TYPE] [--expand EXPAND]
              [--d_conv D_CONV] [--top_k TOP_K] [--num_kernels NUM_KERNELS]
              [--enc_in ENC_IN] [--dec_in DEC_IN] [--c_out C_OUT]
              [--d_model D_MODEL] [--n_heads N_HEADS] [--e_layers E_LAYERS]
              [--d_layers D_LAYERS] [--d_ff D_FF] [--moving_avg MOVING_AVG]
              [--factor FACTOR] [--distil] [--dropout DROPOUT] [--embed EMBED]
              [--activation ACTIVATION]
              [--channel_independence CHANNEL_INDEPENDENCE]
              [--decomp_method DECOMP_METHOD] [--use_norm USE_NORM]
              [--down_sampling_layers DOWN_SAMPLING_LAYERS]
              [--down_sampling_window DOWN_SAMPLING_WINDOW]
              [--down_sampling_method DOWN_SAMPLING_METHOD]
              [--seg_len SEG_LEN]
              [--list_inplanes LIST_INPLANES [LIST_INPLANES ...]]
              [--num_rnn_sequence NUM_RNN_SEQUENCE]
              [--embedding_c EMBEDDING_C] [--dropout_rate DROPOUT_RATE]
              [--batch_norm BATCH_NORM] [--n_fft N_FFT]
              [--hop_length HOP_LENGTH] [--conv_channel_1 CONV_CHANNEL_1]
              [--conv_channel_2 CONV_CHANNEL_2]
              [--conv_channel_3 CONV_CHANNEL_3]
              [--inception_channel_1 INCEPTION_CHANNEL_1]
              [--inception_channel_2 INCEPTION_CHANNEL_2]
              [--inception_channel_3 INCEPTION_CHANNEL_3]
              [--pool_size POOL_SIZE] [--ffn_hidden_size FFN_HIDDEN_SIZE]
              [--num_workers NUM_WORKERS] [--itr ITR]
              [--train_epochs TRAIN_EPOCHS] [--batch_size BATCH_SIZE]
              [--patience PATIENCE] [--learning_rate LEARNING_RATE]
              [--des DES] [--loss LOSS] [--lradj LRADJ] [--use_amp]
              [--vali_interval VALI_INTERVAL] [--dwt_level DWT_LEVEL]
              [--wavelet WAVELET] [--ffn_dim FFN_DIM]
              [--focal_alpha FOCAL_ALPHA] [--focal_gamma FOCAL_GAMMA]
              [--focal_threshold FOCAL_THRESHOLD] [--use_gpu USE_GPU]
              [--gpu GPU] [--gpu_type GPU_TYPE] [--use_multi_gpu]
              [--devices DEVICES]
              [--p_hidden_dims P_HIDDEN_DIMS [P_HIDDEN_DIMS ...]]
              [--p_hidden_layers P_HIDDEN_LAYERS] [--use_dtw USE_DTW]
              [--augmentation_ratio AUGMENTATION_RATIO] [--seed SEED]
              [--jitter] [--scaling] [--permutation] [--randompermutation]
              [--magwarp] [--timewarp] [--windowslice] [--windowwarp]
              [--rotation] [--spawner] [--dtwwarp] [--shapedtwwarp] [--wdba]
              [--discdtw] [--discsdtw] [--extra_tag EXTRA_TAG]
              [--patch_len PATCH_LEN]
run.py: error: unrecognized arguments: 'logg', 'FeH', 'CFe'] 0.1, 0.2]
运行配置: SFFT参数 n_fft=512, hop_length=32
Traceback (most recent call last):
  File "/home/DM14/workspace/Time-Series-Library-main/run.py", line 5, in <module>
    from exp.exp_long_term_forecasting import Exp_Long_Term_Forecast
  File "/home/DM14/workspace/Time-Series-Library-main/exp/exp_long_term_forecasting.py", line 2, in <module>
    from exp.exp_basic import Exp_Basic
  File "/home/DM14/workspace/Time-Series-Library-main/exp/exp_basic.py", line 3, in <module>
    from models.other import Autoformer, Transformer, TimesNet, Nonstationary_Transformer, DLinear, FEDformer, \
  File "/home/DM14/workspace/Time-Series-Library-main/models/other/Transformer.py", line 5, in <module>
    from layers.SelfAttention_Family import FullAttention, AttentionLayer
  File "/home/DM14/workspace/Time-Series-Library-main/layers/SelfAttention_Family.py", line 6, in <module>
    from reformer_pytorch import LSHSelfAttention
  File "/home/DM14/workspace/miniconda/envs/mp/lib/python3.9/site-packages/reformer_pytorch/__init__.py", line 1, in <module>
    from reformer_pytorch.reformer_pytorch import LSHAttention, LSHSelfAttention, Reformer, ReformerLM
  File "/home/DM14/workspace/miniconda/envs/mp/lib/python3.9/site-packages/reformer_pytorch/reformer_pytorch.py", line 11, in <module>
    from local_attention import LocalAttention
  File "/home/DM14/workspace/miniconda/envs/mp/lib/python3.9/site-packages/local_attention/__init__.py", line 2, in <module>
    from local_attention.transformer import LocalTransformer, LocalMHA, DynamicPositionBias
  File "/home/DM14/workspace/miniconda/envs/mp/lib/python3.9/site-packages/local_attention/transformer.py", line 15, in <module>
    from hyper_connections import get_init_and_expand_reduce_stream_functions
  File "/home/DM14/workspace/miniconda/envs/mp/lib/python3.9/site-packages/hyper_connections/__init__.py", line 1, in <module>
    from hyper_connections.hyper_connections import (
  File "/home/DM14/workspace/miniconda/envs/mp/lib/python3.9/site-packages/hyper_connections/hyper_connections.py", line 14, in <module>
    from einops.layers.torch import Rearrange, Reduce
  File "/home/DM14/workspace/miniconda/envs/mp/lib/python3.9/site-packages/einops/layers/torch.py", line 7, in <module>
    from .._torch_specific import apply_for_scriptable_torch
  File "/home/DM14/workspace/miniconda/envs/mp/lib/python3.9/site-packages/einops/_torch_specific.py", line 128, in <module>
    allow_ops_in_compiled_graph()
  File "/home/DM14/workspace/miniconda/envs/mp/lib/python3.9/site-packages/einops/_torch_specific.py", line 107, in allow_ops_in_compiled_graph
    from torch._dynamo import allow_in_graph
  File "/home/DM14/workspace/miniconda/envs/mp/lib/python3.9/site-packages/torch/_dynamo/__init__.py", line 3, in <module>
    from . import convert_frame, eval_frame, resume_execution
  File "/home/DM14/workspace/miniconda/envs/mp/lib/python3.9/site-packages/torch/_dynamo/convert_frame.py", line 33, in <module>
    from torch._dynamo.symbolic_convert import TensorifyState
  File "/home/DM14/workspace/miniconda/envs/mp/lib/python3.9/site-packages/torch/_dynamo/symbolic_convert.py", line 27, in <module>
    from torch._dynamo.exc import TensorifyScalarRestartAnalysis
  File "/home/DM14/workspace/miniconda/envs/mp/lib/python3.9/site-packages/torch/_dynamo/exc.py", line 11, in <module>
    from .utils import counters
  File "/home/DM14/workspace/miniconda/envs/mp/lib/python3.9/site-packages/torch/_dynamo/utils.py", line 66, in <module>
    import torch.fx.experimental.symbolic_shapes
  File "/home/DM14/workspace/miniconda/envs/mp/lib/python3.9/site-packages/torch/fx/experimental/symbolic_shapes.py", line 74, in <module>
    from torch.utils._sympy.functions import (
  File "/home/DM14/workspace/miniconda/envs/mp/lib/python3.9/site-packages/torch/utils/_sympy/functions.py", line 18, in <module>
    import sympy
  File "/home/DM14/workspace/miniconda/envs/mp/lib/python3.9/site-packages/sympy/__init__.py", line 108, in <module>
    from .series import (Order, O, limit, Limit, gruntz, series, approximants,
  File "/home/DM14/workspace/miniconda/envs/mp/lib/python3.9/site-packages/sympy/series/__init__.py", line 11, in <module>
    from .formal import fps
  File "/home/DM14/workspace/miniconda/envs/mp/lib/python3.9/site-packages/sympy/series/formal.py", line 16, in <module>
    from sympy.discrete.convolutions import convolution
  File "<frozen importlib._bootstrap>", line 1005, in _find_and_load
KeyboardInterrupt
